<?xml version="1.0" encoding="UTF-8"?>
<testsuite name="ghost.AppTest" tests="1" skipped="0" failures="0" errors="0" timestamp="2020-10-28T12:29:36" hostname="maccasgeorgest" time="0.474">
  <properties/>
  <testcase name="simpleTest()" classname="ghost.AppTest" time="0.474"/>
  <system-out><![CDATA[]]></system-out>
  <system-err><![CDATA[]]></system-err>
</testsuite>
