<?xml version="1.0" encoding="UTF-8"?>
<testsuite name="ghost.AppTest" tests="1" skipped="0" failures="0" errors="0" timestamp="2020-11-13T09:27:58" hostname="Ronens-MacBook-Pro-4.local" time="0.222">
  <properties/>
  <testcase name="constructor()" classname="ghost.AppTest" time="0.222"/>
  <system-out><![CDATA[]]></system-out>
  <system-err><![CDATA[]]></system-err>
</testsuite>
